Using pre-set license
Built from '2020.2/release' branch; Version is '2020.2.0f1 (3721df5a8b28) revision 3613151'; Using compiler version '192528614'; Build Type 'Release'
OS: 'Windows 10  (10.0.0) 64bit' Language: 'en' Physical Memory: 6102 MB
BatchMode: 1, IsHumanControllingUs: 0, StartBugReporterOnCrash: 0, Is64bit: 1, IsPro: 0

 COMMAND LINE ARGUMENTS:
D:\Tools\Unity 2018.4\Editors\2020.2.0f1\Editor\Unity.exe
-adb2
-batchMode
-noUpm
-name
AssetImportWorker0
-projectPath
D:/Tools/Unity Projects/SAE/GettingOverItClone
-logFile
Logs/AssetImportWorker0.log
-srvPort
64572
Successfully changed project path to: D:/Tools/Unity Projects/SAE/GettingOverItClone
D:/Tools/Unity Projects/SAE/GettingOverItClone
Using Asset Import Pipeline V2.
Refreshing native plugins compatible for Editor in 1800.68 ms, found 1 plugins.
Preloading 0 native plugins for Editor in 0.00 ms.
Initialize engine version: 2020.2.0f1 (3721df5a8b28)
[Subsystems] Discovering subsystems at path D:/Tools/Unity 2018.4/Editors/2020.2.0f1/Editor/Data/Resources/UnitySubsystems
[Subsystems] Discovering subsystems at path D:/Tools/Unity Projects/SAE/GettingOverItClone/Assets
GfxDevice: creating device client; threaded=0
Direct3D:
    Version:  Direct3D 11.0 [level 11.0]
    Renderer: NVIDIA GeForce GT 730 (ID=0x1287)
    Vendor:   
    VRAM:     4052 MB
    Driver:   30.0.14.7212
Initialize mono
Mono path[0] = 'D:/Tools/Unity 2018.4/Editors/2020.2.0f1/Editor/Data/Managed'
Mono path[1] = 'D:/Tools/Unity 2018.4/Editors/2020.2.0f1/Editor/Data/MonoBleedingEdge/lib/mono/unityjit'
Mono config path = 'D:/Tools/Unity 2018.4/Editors/2020.2.0f1/Editor/Data/MonoBleedingEdge/etc'
Using monoOptions --debugger-agent=transport=dt_socket,embedding=1,server=y,suspend=n,address=127.0.0.1:56452
Begin MonoManager ReloadAssembly
